{
  "RSpec": {
    "coverage": {
      "/Users/mariavanaale/Projects/sp_tech_test/spec/app_spec.rb": [
        1,
        null,
        1,
        1,
        1,
        1,
        1,
        null,
        null,
        1,
        1,
        1,
        1,
        null,
        null,
        1,
        1,
        1,
        1,
        null,
        null,
        1,
        2,
        null,
        null,
        null
      ],
      "/Users/mariavanaale/Projects/sp_tech_test/lib/app.rb": [
        1,
        1,
        5,
        null,
        1,
        1,
        1,
        1,
        null,
        1,
        5,
        2500,
        null,
        null,
        null,
        1,
        2,
        null,
        null,
        1,
        2,
        null,
        null,
        1,
        1,
        14,
        null,
        null,
        1,
        14,
        null,
        null
      ]
    },
    "timestamp": 1558362798
  }
}
