{
  "RSpec": {
    "coverage": {
      "/Users/mariavanaale/Projects/sp_tech_test/spec/app_spec.rb": [
        1,
        null,
        1,
        1,
        1,
        1,
        1,
        null,
        null,
        1,
        1,
        1,
        1,
        null,
        null,
        null
      ],
      "/Users/mariavanaale/Projects/sp_tech_test/lib/app.rb": [
        1,
        1,
        3,
        null,
        null,
        1,
        3,
        1500,
        null,
        null,
        null,
        1,
        7,
        null,
        null
      ]
    },
    "timestamp": 1558361018
  }
}
